<?xml version="1.0" encoding="UTF-8"?>
<!--

    Copyright (c) 2012-2014 Codenvy, S.A.
    All rights reserved. This program and the accompanying materials
    are made available under the terms of the Eclipse Public License v1.0
    which accompanies this distribution, and is available at
    http://www.eclipse.org/legal/epl-v10.html

    Contributors:
      Codenvy, S.A. - initial API and implementation

-->
<project xmlns="http://maven.apache.org/POM/4.0.0" xmlns:xsi="http://www.w3.org/2001/XMLSchema-instance" xsi:schemaLocation="http://maven.apache.org/POM/4.0.0 http://maven.apache.org/xsd/maven-4.0.0.xsd">
    <modelVersion>4.0.0</modelVersion>
    <parent>
        <artifactId>parent</artifactId>
        <groupId>parent</groupId>
        <version>x.x.x</version>
    </parent>
    <artifactId>a</artifactId>
    <packaging>jar</packaging>
    <name>A</name>
    <dependencies>
        <dependency>
            <groupId>x</groupId>
            <artifactId>y</artifactId>
            <version>z</version>
        </dependency>
    </dependencies>
</project>
